Sep 26, 2013 5:14:33 PM org.apache.catalina.core.AprLifecycleListener init
INFO: The APR based Apache Tomcat Native library which allows optimal performance in production environments was not found on the java.library.path: /Users/jasonchu/Library/Java/Extensions:/Library/Java/Extensions:/Network/Library/Java/Extensions:/System/Library/Java/Extensions:/usr/lib/java:.
Sep 26, 2013 5:14:35 PM org.apache.coyote.AbstractProtocol init
INFO: Initializing ProtocolHandler ["http-bio-8080"]
Sep 26, 2013 5:14:35 PM org.apache.coyote.AbstractProtocol init
INFO: Initializing ProtocolHandler ["ajp-bio-8009"]
Sep 26, 2013 5:14:35 PM org.apache.catalina.startup.Catalina load
INFO: Initialization processed in 3527 ms
Sep 26, 2013 5:14:35 PM org.apache.catalina.core.StandardService startInternal
INFO: Starting service Catalina
Sep 26, 2013 5:14:35 PM org.apache.catalina.core.StandardEngine startInternal
INFO: Starting Servlet Engine: Apache Tomcat/7.0.42
Sep 26, 2013 5:14:35 PM org.apache.catalina.startup.HostConfig deployDirectory
INFO: Deploying web application directory /Users/jasonchu/Study/DirectStudy/apache-tomcat-7.0.42/webapps/docs
Sep 26, 2013 5:14:36 PM org.apache.catalina.startup.HostConfig deployDirectory
INFO: Deploying web application directory /Users/jasonchu/Study/DirectStudy/apache-tomcat-7.0.42/webapps/examples
Sep 26, 2013 5:14:37 PM org.apache.catalina.startup.HostConfig deployDirectory
INFO: Deploying web application directory /Users/jasonchu/Study/DirectStudy/apache-tomcat-7.0.42/webapps/host-manager
Sep 26, 2013 5:14:37 PM org.apache.catalina.startup.HostConfig deployDirectory
INFO: Deploying web application directory /Users/jasonchu/Study/DirectStudy/apache-tomcat-7.0.42/webapps/manager
Sep 26, 2013 5:14:37 PM org.apache.catalina.startup.HostConfig deployDirectory
INFO: Deploying web application directory /Users/jasonchu/Study/DirectStudy/apache-tomcat-7.0.42/webapps/ROOT
Sep 26, 2013 5:14:37 PM org.apache.coyote.AbstractProtocol start
INFO: Starting ProtocolHandler ["http-bio-8080"]
Sep 26, 2013 5:14:37 PM org.apache.coyote.AbstractProtocol start
INFO: Starting ProtocolHandler ["ajp-bio-8009"]
Sep 26, 2013 5:14:37 PM org.apache.catalina.startup.Catalina start
INFO: Server startup in 1629 ms
Sep 26, 2013 5:26:55 PM org.apache.catalina.core.StandardServer await
INFO: A valid shutdown command was received via the shutdown port. Stopping the Server instance.
Sep 26, 2013 5:26:55 PM org.apache.coyote.AbstractProtocol pause
INFO: Pausing ProtocolHandler ["http-bio-8080"]
Sep 26, 2013 5:26:55 PM org.apache.coyote.AbstractProtocol pause
INFO: Pausing ProtocolHandler ["ajp-bio-8009"]
Sep 26, 2013 5:26:55 PM org.apache.catalina.core.StandardService stopInternal
INFO: Stopping service Catalina
Sep 26, 2013 5:26:55 PM org.apache.coyote.AbstractProtocol stop
INFO: Stopping ProtocolHandler ["http-bio-8080"]
Sep 26, 2013 5:26:55 PM org.apache.coyote.AbstractProtocol stop
INFO: Stopping ProtocolHandler ["ajp-bio-8009"]
Sep 26, 2013 5:26:55 PM org.apache.coyote.AbstractProtocol destroy
INFO: Destroying ProtocolHandler ["http-bio-8080"]
Sep 26, 2013 5:26:55 PM org.apache.coyote.AbstractProtocol destroy
INFO: Destroying ProtocolHandler ["ajp-bio-8009"]
Sep 26, 2013 5:27:02 PM org.apache.catalina.core.AprLifecycleListener init
INFO: The APR based Apache Tomcat Native library which allows optimal performance in production environments was not found on the java.library.path: /Users/jasonchu/Library/Java/Extensions:/Library/Java/Extensions:/Network/Library/Java/Extensions:/System/Library/Java/Extensions:/usr/lib/java:.
Sep 26, 2013 5:27:02 PM org.apache.coyote.AbstractProtocol init
INFO: Initializing ProtocolHandler ["http-bio-8080"]
Sep 26, 2013 5:27:02 PM org.apache.coyote.AbstractProtocol init
INFO: Initializing ProtocolHandler ["ajp-bio-8009"]
Sep 26, 2013 5:27:02 PM org.apache.catalina.startup.Catalina load
INFO: Initialization processed in 766 ms
Sep 26, 2013 5:27:02 PM org.apache.catalina.core.StandardService startInternal
INFO: Starting service Catalina
Sep 26, 2013 5:27:02 PM org.apache.catalina.core.StandardEngine startInternal
INFO: Starting Servlet Engine: Apache Tomcat/7.0.42
Sep 26, 2013 5:27:02 PM org.apache.catalina.startup.HostConfig deployDirectory
INFO: Deploying web application directory /Users/jasonchu/Study/DirectStudy/apache-tomcat-7.0.42/webapps/docs
Sep 26, 2013 5:27:03 PM org.apache.catalina.startup.HostConfig deployDirectory
INFO: Deploying web application directory /Users/jasonchu/Study/DirectStudy/apache-tomcat-7.0.42/webapps/examples
Sep 26, 2013 5:27:03 PM org.apache.catalina.startup.HostConfig deployDirectory
INFO: Deploying web application directory /Users/jasonchu/Study/DirectStudy/apache-tomcat-7.0.42/webapps/host-manager
Sep 26, 2013 5:27:03 PM org.apache.catalina.startup.HostConfig deployDirectory
INFO: Deploying web application directory /Users/jasonchu/Study/DirectStudy/apache-tomcat-7.0.42/webapps/manager
Sep 26, 2013 5:27:03 PM org.apache.catalina.startup.HostConfig deployDirectory
INFO: Deploying web application directory /Users/jasonchu/Study/DirectStudy/apache-tomcat-7.0.42/webapps/ROOT
Sep 26, 2013 5:27:03 PM org.apache.coyote.AbstractProtocol start
INFO: Starting ProtocolHandler ["http-bio-8080"]
Sep 26, 2013 5:27:03 PM org.apache.coyote.AbstractProtocol start
INFO: Starting ProtocolHandler ["ajp-bio-8009"]
Sep 26, 2013 5:27:03 PM org.apache.catalina.startup.Catalina start
INFO: Server startup in 904 ms
Sep 26, 2013 5:27:57 PM org.apache.catalina.core.StandardServer await
INFO: A valid shutdown command was received via the shutdown port. Stopping the Server instance.
Sep 26, 2013 5:27:57 PM org.apache.coyote.AbstractProtocol pause
INFO: Pausing ProtocolHandler ["http-bio-8080"]
Sep 26, 2013 5:27:57 PM org.apache.coyote.AbstractProtocol pause
INFO: Pausing ProtocolHandler ["ajp-bio-8009"]
Sep 26, 2013 5:27:57 PM org.apache.catalina.core.StandardService stopInternal
INFO: Stopping service Catalina
Sep 26, 2013 5:27:57 PM org.apache.coyote.AbstractProtocol stop
INFO: Stopping ProtocolHandler ["http-bio-8080"]
Sep 26, 2013 5:27:57 PM org.apache.coyote.AbstractProtocol stop
INFO: Stopping ProtocolHandler ["ajp-bio-8009"]
Sep 26, 2013 5:27:57 PM org.apache.coyote.AbstractProtocol destroy
INFO: Destroying ProtocolHandler ["http-bio-8080"]
Sep 26, 2013 5:27:57 PM org.apache.coyote.AbstractProtocol destroy
INFO: Destroying ProtocolHandler ["ajp-bio-8009"]
Sep 26, 2013 5:28:08 PM org.apache.catalina.core.AprLifecycleListener init
INFO: The APR based Apache Tomcat Native library which allows optimal performance in production environments was not found on the java.library.path: /Users/jasonchu/Library/Java/Extensions:/Library/Java/Extensions:/Network/Library/Java/Extensions:/System/Library/Java/Extensions:/usr/lib/java:.
Sep 26, 2013 5:28:08 PM org.apache.coyote.AbstractProtocol init
INFO: Initializing ProtocolHandler ["http-bio-8080"]
Sep 26, 2013 5:28:08 PM org.apache.coyote.AbstractProtocol init
INFO: Initializing ProtocolHandler ["ajp-bio-8009"]
Sep 26, 2013 5:28:08 PM org.apache.catalina.startup.Catalina load
INFO: Initialization processed in 674 ms
Sep 26, 2013 5:28:08 PM org.apache.catalina.core.StandardService startInternal
INFO: Starting service Catalina
Sep 26, 2013 5:28:08 PM org.apache.catalina.core.StandardEngine startInternal
INFO: Starting Servlet Engine: Apache Tomcat/7.0.42
Sep 26, 2013 5:28:08 PM org.apache.catalina.startup.HostConfig deployDirectory
INFO: Deploying web application directory /Users/jasonchu/Study/DirectStudy/apache-tomcat-7.0.42/webapps/docs
Sep 26, 2013 5:28:09 PM org.apache.catalina.startup.HostConfig deployDirectory
INFO: Deploying web application directory /Users/jasonchu/Study/DirectStudy/apache-tomcat-7.0.42/webapps/examples
Sep 26, 2013 5:28:09 PM org.apache.catalina.startup.HostConfig deployDirectory
INFO: Deploying web application directory /Users/jasonchu/Study/DirectStudy/apache-tomcat-7.0.42/webapps/host-manager
Sep 26, 2013 5:28:09 PM org.apache.catalina.startup.HostConfig deployDirectory
INFO: Deploying web application directory /Users/jasonchu/Study/DirectStudy/apache-tomcat-7.0.42/webapps/manager
Sep 26, 2013 5:28:09 PM org.apache.catalina.startup.HostConfig deployDirectory
INFO: Deploying web application directory /Users/jasonchu/Study/DirectStudy/apache-tomcat-7.0.42/webapps/ROOT
Sep 26, 2013 5:28:09 PM org.apache.coyote.AbstractProtocol start
INFO: Starting ProtocolHandler ["http-bio-8080"]
Sep 26, 2013 5:28:09 PM org.apache.coyote.AbstractProtocol start
INFO: Starting ProtocolHandler ["ajp-bio-8009"]
Sep 26, 2013 5:28:09 PM org.apache.catalina.startup.Catalina start
INFO: Server startup in 753 ms
Sep 26, 2013 5:29:26 PM org.apache.catalina.core.StandardServer await
INFO: A valid shutdown command was received via the shutdown port. Stopping the Server instance.
Sep 26, 2013 5:29:26 PM org.apache.coyote.AbstractProtocol pause
INFO: Pausing ProtocolHandler ["http-bio-8080"]
Sep 26, 2013 5:29:26 PM org.apache.coyote.AbstractProtocol pause
INFO: Pausing ProtocolHandler ["ajp-bio-8009"]
Sep 26, 2013 5:29:26 PM org.apache.catalina.core.StandardService stopInternal
INFO: Stopping service Catalina
Sep 26, 2013 5:29:26 PM org.apache.coyote.AbstractProtocol stop
INFO: Stopping ProtocolHandler ["http-bio-8080"]
Sep 26, 2013 5:29:26 PM org.apache.coyote.AbstractProtocol stop
INFO: Stopping ProtocolHandler ["ajp-bio-8009"]
Sep 26, 2013 5:29:26 PM org.apache.coyote.AbstractProtocol destroy
INFO: Destroying ProtocolHandler ["http-bio-8080"]
Sep 26, 2013 5:29:26 PM org.apache.coyote.AbstractProtocol destroy
INFO: Destroying ProtocolHandler ["ajp-bio-8009"]
Sep 26, 2013 5:29:29 PM org.apache.catalina.core.AprLifecycleListener init
INFO: The APR based Apache Tomcat Native library which allows optimal performance in production environments was not found on the java.library.path: /Users/jasonchu/Library/Java/Extensions:/Library/Java/Extensions:/Network/Library/Java/Extensions:/System/Library/Java/Extensions:/usr/lib/java:.
Sep 26, 2013 5:29:29 PM org.apache.coyote.AbstractProtocol init
INFO: Initializing ProtocolHandler ["http-bio-8080"]
Sep 26, 2013 5:29:29 PM org.apache.coyote.AbstractProtocol init
INFO: Initializing ProtocolHandler ["ajp-bio-8009"]
Sep 26, 2013 5:29:29 PM org.apache.catalina.startup.Catalina load
INFO: Initialization processed in 690 ms
Sep 26, 2013 5:29:29 PM org.apache.catalina.core.StandardService startInternal
INFO: Starting service Catalina
Sep 26, 2013 5:29:29 PM org.apache.catalina.core.StandardEngine startInternal
INFO: Starting Servlet Engine: Apache Tomcat/7.0.42
Sep 26, 2013 5:29:29 PM org.apache.catalina.startup.HostConfig deployDirectory
INFO: Deploying web application directory /Users/jasonchu/Study/DirectStudy/apache-tomcat-7.0.42/webapps/docs
Sep 26, 2013 5:29:29 PM org.apache.catalina.startup.HostConfig deployDirectory
INFO: Deploying web application directory /Users/jasonchu/Study/DirectStudy/apache-tomcat-7.0.42/webapps/examples
Sep 26, 2013 5:29:29 PM org.apache.catalina.startup.HostConfig deployDirectory
INFO: Deploying web application directory /Users/jasonchu/Study/DirectStudy/apache-tomcat-7.0.42/webapps/host-manager
Sep 26, 2013 5:29:29 PM org.apache.catalina.startup.HostConfig deployDirectory
INFO: Deploying web application directory /Users/jasonchu/Study/DirectStudy/apache-tomcat-7.0.42/webapps/manager
Sep 26, 2013 5:29:30 PM org.apache.catalina.startup.HostConfig deployDirectory
INFO: Deploying web application directory /Users/jasonchu/Study/DirectStudy/apache-tomcat-7.0.42/webapps/ROOT
Sep 26, 2013 5:29:30 PM org.apache.coyote.AbstractProtocol start
INFO: Starting ProtocolHandler ["http-bio-8080"]
Sep 26, 2013 5:29:30 PM org.apache.coyote.AbstractProtocol start
INFO: Starting ProtocolHandler ["ajp-bio-8009"]
Sep 26, 2013 5:29:30 PM org.apache.catalina.startup.Catalina start
INFO: Server startup in 748 ms
Sep 26, 2013 5:31:42 PM org.apache.catalina.core.StandardServer await
INFO: A valid shutdown command was received via the shutdown port. Stopping the Server instance.
Sep 26, 2013 5:31:42 PM org.apache.coyote.AbstractProtocol pause
INFO: Pausing ProtocolHandler ["http-bio-8080"]
Sep 26, 2013 5:31:42 PM org.apache.coyote.AbstractProtocol pause
INFO: Pausing ProtocolHandler ["ajp-bio-8009"]
Sep 26, 2013 5:31:42 PM org.apache.catalina.core.StandardService stopInternal
INFO: Stopping service Catalina
Sep 26, 2013 5:31:42 PM org.apache.coyote.AbstractProtocol stop
INFO: Stopping ProtocolHandler ["http-bio-8080"]
Sep 26, 2013 5:31:42 PM org.apache.coyote.AbstractProtocol stop
INFO: Stopping ProtocolHandler ["ajp-bio-8009"]
Sep 26, 2013 5:31:42 PM org.apache.coyote.AbstractProtocol destroy
INFO: Destroying ProtocolHandler ["http-bio-8080"]
Sep 26, 2013 5:31:42 PM org.apache.coyote.AbstractProtocol destroy
INFO: Destroying ProtocolHandler ["ajp-bio-8009"]
Sep 26, 2013 5:31:44 PM org.apache.catalina.core.AprLifecycleListener init
INFO: The APR based Apache Tomcat Native library which allows optimal performance in production environments was not found on the java.library.path: /Users/jasonchu/Library/Java/Extensions:/Library/Java/Extensions:/Network/Library/Java/Extensions:/System/Library/Java/Extensions:/usr/lib/java:.
Sep 26, 2013 5:31:44 PM org.apache.coyote.AbstractProtocol init
INFO: Initializing ProtocolHandler ["http-bio-8080"]
Sep 26, 2013 5:31:44 PM org.apache.coyote.AbstractProtocol init
INFO: Initializing ProtocolHandler ["ajp-bio-8009"]
Sep 26, 2013 5:31:44 PM org.apache.catalina.startup.Catalina load
INFO: Initialization processed in 697 ms
Sep 26, 2013 5:31:44 PM org.apache.catalina.core.StandardService startInternal
INFO: Starting service Catalina
Sep 26, 2013 5:31:44 PM org.apache.catalina.core.StandardEngine startInternal
INFO: Starting Servlet Engine: Apache Tomcat/7.0.42
Sep 26, 2013 5:31:44 PM org.apache.catalina.startup.HostConfig deployDirectory
INFO: Deploying web application directory /Users/jasonchu/Study/DirectStudy/apache-tomcat-7.0.42/webapps/docs
Sep 26, 2013 5:31:45 PM org.apache.catalina.startup.HostConfig deployDirectory
INFO: Deploying web application directory /Users/jasonchu/Study/DirectStudy/apache-tomcat-7.0.42/webapps/examples
Sep 26, 2013 5:31:45 PM org.apache.catalina.startup.HostConfig deployDirectory
INFO: Deploying web application directory /Users/jasonchu/Study/DirectStudy/apache-tomcat-7.0.42/webapps/host-manager
Sep 26, 2013 5:31:45 PM org.apache.catalina.startup.HostConfig deployDirectory
INFO: Deploying web application directory /Users/jasonchu/Study/DirectStudy/apache-tomcat-7.0.42/webapps/manager
Sep 26, 2013 5:31:45 PM org.apache.catalina.startup.HostConfig deployDirectory
INFO: Deploying web application directory /Users/jasonchu/Study/DirectStudy/apache-tomcat-7.0.42/webapps/ROOT
Sep 26, 2013 5:31:45 PM org.apache.coyote.AbstractProtocol start
INFO: Starting ProtocolHandler ["http-bio-8080"]
Sep 26, 2013 5:31:45 PM org.apache.coyote.AbstractProtocol start
INFO: Starting ProtocolHandler ["ajp-bio-8009"]
Sep 26, 2013 5:31:45 PM org.apache.catalina.startup.Catalina start
INFO: Server startup in 769 ms
Sep 26, 2013 5:33:24 PM org.apache.catalina.core.StandardServer await
INFO: A valid shutdown command was received via the shutdown port. Stopping the Server instance.
Sep 26, 2013 5:33:24 PM org.apache.coyote.AbstractProtocol pause
INFO: Pausing ProtocolHandler ["http-bio-8080"]
Sep 26, 2013 5:33:24 PM org.apache.coyote.AbstractProtocol pause
INFO: Pausing ProtocolHandler ["ajp-bio-8009"]
Sep 26, 2013 5:33:24 PM org.apache.catalina.core.StandardService stopInternal
INFO: Stopping service Catalina
Sep 26, 2013 5:33:24 PM org.apache.coyote.AbstractProtocol stop
INFO: Stopping ProtocolHandler ["http-bio-8080"]
Sep 26, 2013 5:33:24 PM org.apache.coyote.AbstractProtocol stop
INFO: Stopping ProtocolHandler ["ajp-bio-8009"]
Sep 26, 2013 5:33:24 PM org.apache.coyote.AbstractProtocol destroy
INFO: Destroying ProtocolHandler ["http-bio-8080"]
Sep 26, 2013 5:33:24 PM org.apache.coyote.AbstractProtocol destroy
INFO: Destroying ProtocolHandler ["ajp-bio-8009"]
Sep 26, 2013 5:33:26 PM org.apache.catalina.core.AprLifecycleListener init
INFO: The APR based Apache Tomcat Native library which allows optimal performance in production environments was not found on the java.library.path: /Users/jasonchu/Library/Java/Extensions:/Library/Java/Extensions:/Network/Library/Java/Extensions:/System/Library/Java/Extensions:/usr/lib/java:.
Sep 26, 2013 5:33:26 PM org.apache.coyote.AbstractProtocol init
INFO: Initializing ProtocolHandler ["http-bio-8080"]
Sep 26, 2013 5:33:27 PM org.apache.coyote.AbstractProtocol init
INFO: Initializing ProtocolHandler ["ajp-bio-8009"]
Sep 26, 2013 5:33:27 PM org.apache.catalina.startup.Catalina load
INFO: Initialization processed in 673 ms
Sep 26, 2013 5:33:27 PM org.apache.catalina.core.StandardService startInternal
INFO: Starting service Catalina
Sep 26, 2013 5:33:27 PM org.apache.catalina.core.StandardEngine startInternal
INFO: Starting Servlet Engine: Apache Tomcat/7.0.42
Sep 26, 2013 5:33:27 PM org.apache.catalina.startup.HostConfig deployDirectory
INFO: Deploying web application directory /Users/jasonchu/Study/DirectStudy/apache-tomcat-7.0.42/webapps/docs
Sep 26, 2013 5:33:28 PM org.apache.catalina.util.SessionIdGenerator createSecureRandom
INFO: Creation of SecureRandom instance for session ID generation using [SHA1PRNG] took [1,346] milliseconds.
Sep 26, 2013 5:33:28 PM org.apache.catalina.startup.HostConfig deployDirectory
INFO: Deploying web application directory /Users/jasonchu/Study/DirectStudy/apache-tomcat-7.0.42/webapps/examples
Sep 26, 2013 5:33:28 PM org.apache.catalina.startup.HostConfig deployDirectory
INFO: Deploying web application directory /Users/jasonchu/Study/DirectStudy/apache-tomcat-7.0.42/webapps/host-manager
Sep 26, 2013 5:33:28 PM org.apache.catalina.startup.HostConfig deployDirectory
INFO: Deploying web application directory /Users/jasonchu/Study/DirectStudy/apache-tomcat-7.0.42/webapps/manager
Sep 26, 2013 5:33:29 PM org.apache.catalina.startup.HostConfig deployDirectory
INFO: Deploying web application directory /Users/jasonchu/Study/DirectStudy/apache-tomcat-7.0.42/webapps/ROOT
Sep 26, 2013 5:33:29 PM org.apache.coyote.AbstractProtocol start
INFO: Starting ProtocolHandler ["http-bio-8080"]
Sep 26, 2013 5:33:29 PM org.apache.coyote.AbstractProtocol start
INFO: Starting ProtocolHandler ["ajp-bio-8009"]
Sep 26, 2013 5:33:29 PM org.apache.catalina.startup.Catalina start
INFO: Server startup in 2052 ms
Sep 26, 2013 5:35:46 PM org.apache.catalina.core.StandardServer await
INFO: A valid shutdown command was received via the shutdown port. Stopping the Server instance.
Sep 26, 2013 5:35:46 PM org.apache.coyote.AbstractProtocol pause
INFO: Pausing ProtocolHandler ["http-bio-8080"]
Sep 26, 2013 5:35:46 PM org.apache.coyote.AbstractProtocol pause
INFO: Pausing ProtocolHandler ["ajp-bio-8009"]
Sep 26, 2013 5:35:46 PM org.apache.catalina.core.StandardService stopInternal
INFO: Stopping service Catalina
Sep 26, 2013 5:35:46 PM org.apache.coyote.AbstractProtocol stop
INFO: Stopping ProtocolHandler ["http-bio-8080"]
Sep 26, 2013 5:35:46 PM org.apache.coyote.AbstractProtocol stop
INFO: Stopping ProtocolHandler ["ajp-bio-8009"]
Sep 26, 2013 5:35:46 PM org.apache.coyote.AbstractProtocol destroy
INFO: Destroying ProtocolHandler ["http-bio-8080"]
Sep 26, 2013 5:35:46 PM org.apache.coyote.AbstractProtocol destroy
INFO: Destroying ProtocolHandler ["ajp-bio-8009"]
Sep 26, 2013 5:35:49 PM org.apache.catalina.core.AprLifecycleListener init
INFO: The APR based Apache Tomcat Native library which allows optimal performance in production environments was not found on the java.library.path: /Users/jasonchu/Library/Java/Extensions:/Library/Java/Extensions:/Network/Library/Java/Extensions:/System/Library/Java/Extensions:/usr/lib/java:.
Sep 26, 2013 5:35:49 PM org.apache.coyote.AbstractProtocol init
INFO: Initializing ProtocolHandler ["http-bio-8080"]
Sep 26, 2013 5:35:49 PM org.apache.coyote.AbstractProtocol init
INFO: Initializing ProtocolHandler ["ajp-bio-8009"]
Sep 26, 2013 5:35:49 PM org.apache.catalina.startup.Catalina load
INFO: Initialization processed in 696 ms
Sep 26, 2013 5:35:49 PM org.apache.catalina.core.StandardService startInternal
INFO: Starting service Catalina
Sep 26, 2013 5:35:49 PM org.apache.catalina.core.StandardEngine startInternal
INFO: Starting Servlet Engine: Apache Tomcat/7.0.42
Sep 26, 2013 5:35:49 PM org.apache.catalina.startup.HostConfig deployDirectory
INFO: Deploying web application directory /Users/jasonchu/Study/DirectStudy/apache-tomcat-7.0.42/webapps/docs
Sep 26, 2013 5:35:49 PM org.apache.catalina.startup.HostConfig deployDirectory
INFO: Deploying web application directory /Users/jasonchu/Study/DirectStudy/apache-tomcat-7.0.42/webapps/examples
Sep 26, 2013 5:35:50 PM org.apache.catalina.startup.HostConfig deployDirectory
INFO: Deploying web application directory /Users/jasonchu/Study/DirectStudy/apache-tomcat-7.0.42/webapps/host-manager
Sep 26, 2013 5:35:50 PM org.apache.catalina.startup.HostConfig deployDirectory
INFO: Deploying web application directory /Users/jasonchu/Study/DirectStudy/apache-tomcat-7.0.42/webapps/manager
Sep 26, 2013 5:35:50 PM org.apache.catalina.startup.HostConfig deployDirectory
INFO: Deploying web application directory /Users/jasonchu/Study/DirectStudy/apache-tomcat-7.0.42/webapps/ROOT
Sep 26, 2013 5:35:50 PM org.apache.coyote.AbstractProtocol start
INFO: Starting ProtocolHandler ["http-bio-8080"]
Sep 26, 2013 5:35:50 PM org.apache.coyote.AbstractProtocol start
INFO: Starting ProtocolHandler ["ajp-bio-8009"]
Sep 26, 2013 5:35:50 PM org.apache.catalina.startup.Catalina start
INFO: Server startup in 744 ms
Sep 26, 2013 5:36:55 PM org.apache.catalina.core.StandardServer await
INFO: A valid shutdown command was received via the shutdown port. Stopping the Server instance.
Sep 26, 2013 5:36:55 PM org.apache.coyote.AbstractProtocol pause
INFO: Pausing ProtocolHandler ["http-bio-8080"]
Sep 26, 2013 5:36:55 PM org.apache.coyote.AbstractProtocol pause
INFO: Pausing ProtocolHandler ["ajp-bio-8009"]
Sep 26, 2013 5:36:55 PM org.apache.catalina.core.StandardService stopInternal
INFO: Stopping service Catalina
Sep 26, 2013 5:36:55 PM org.apache.coyote.AbstractProtocol stop
INFO: Stopping ProtocolHandler ["http-bio-8080"]
Sep 26, 2013 5:36:55 PM org.apache.coyote.AbstractProtocol stop
INFO: Stopping ProtocolHandler ["ajp-bio-8009"]
Sep 26, 2013 5:36:55 PM org.apache.coyote.AbstractProtocol destroy
INFO: Destroying ProtocolHandler ["http-bio-8080"]
Sep 26, 2013 5:36:55 PM org.apache.coyote.AbstractProtocol destroy
INFO: Destroying ProtocolHandler ["ajp-bio-8009"]
Sep 26, 2013 5:36:57 PM org.apache.catalina.core.AprLifecycleListener init
INFO: The APR based Apache Tomcat Native library which allows optimal performance in production environments was not found on the java.library.path: /Users/jasonchu/Library/Java/Extensions:/Library/Java/Extensions:/Network/Library/Java/Extensions:/System/Library/Java/Extensions:/usr/lib/java:.
Sep 26, 2013 5:36:57 PM org.apache.coyote.AbstractProtocol init
INFO: Initializing ProtocolHandler ["http-bio-8080"]
Sep 26, 2013 5:36:57 PM org.apache.coyote.AbstractProtocol init
INFO: Initializing ProtocolHandler ["ajp-bio-8009"]
Sep 26, 2013 5:36:57 PM org.apache.catalina.startup.Catalina load
INFO: Initialization processed in 683 ms
Sep 26, 2013 5:36:57 PM org.apache.catalina.core.StandardService startInternal
INFO: Starting service Catalina
Sep 26, 2013 5:36:57 PM org.apache.catalina.core.StandardEngine startInternal
INFO: Starting Servlet Engine: Apache Tomcat/7.0.42
Sep 26, 2013 5:36:57 PM org.apache.catalina.startup.HostConfig deployDirectory
INFO: Deploying web application directory /Users/jasonchu/Study/DirectStudy/apache-tomcat-7.0.42/webapps/docs
Sep 26, 2013 5:36:58 PM org.apache.catalina.startup.HostConfig deployDirectory
INFO: Deploying web application directory /Users/jasonchu/Study/DirectStudy/apache-tomcat-7.0.42/webapps/examples
Sep 26, 2013 5:36:58 PM org.apache.catalina.startup.HostConfig deployDirectory
INFO: Deploying web application directory /Users/jasonchu/Study/DirectStudy/apache-tomcat-7.0.42/webapps/host-manager
Sep 26, 2013 5:36:58 PM org.apache.catalina.startup.HostConfig deployDirectory
INFO: Deploying web application directory /Users/jasonchu/Study/DirectStudy/apache-tomcat-7.0.42/webapps/manager
Sep 26, 2013 5:36:58 PM org.apache.catalina.startup.HostConfig deployDirectory
INFO: Deploying web application directory /Users/jasonchu/Study/DirectStudy/apache-tomcat-7.0.42/webapps/ROOT
Sep 26, 2013 5:36:58 PM org.apache.coyote.AbstractProtocol start
INFO: Starting ProtocolHandler ["http-bio-8080"]
Sep 26, 2013 5:36:58 PM org.apache.coyote.AbstractProtocol start
INFO: Starting ProtocolHandler ["ajp-bio-8009"]
Sep 26, 2013 5:36:58 PM org.apache.catalina.startup.Catalina start
INFO: Server startup in 778 ms
Sep 26, 2013 5:49:29 PM org.apache.catalina.startup.HostConfig deployDirectory
INFO: Deploying web application directory /Users/jasonchu/Study/DirectStudy/apache-tomcat-7.0.42/webapps/web
Sep 26, 2013 8:59:04 PM org.apache.catalina.core.StandardServer await
INFO: A valid shutdown command was received via the shutdown port. Stopping the Server instance.
Sep 26, 2013 8:59:04 PM org.apache.coyote.AbstractProtocol pause
INFO: Pausing ProtocolHandler ["http-bio-8080"]
Sep 26, 2013 8:59:05 PM org.apache.coyote.AbstractProtocol pause
INFO: Pausing ProtocolHandler ["ajp-bio-8009"]
Sep 26, 2013 8:59:05 PM org.apache.catalina.core.StandardService stopInternal
INFO: Stopping service Catalina
Sep 26, 2013 8:59:05 PM org.apache.coyote.AbstractProtocol stop
INFO: Stopping ProtocolHandler ["http-bio-8080"]
Sep 26, 2013 8:59:05 PM org.apache.coyote.AbstractProtocol stop
INFO: Stopping ProtocolHandler ["ajp-bio-8009"]
Sep 26, 2013 8:59:05 PM org.apache.coyote.AbstractProtocol destroy
INFO: Destroying ProtocolHandler ["http-bio-8080"]
Sep 26, 2013 8:59:05 PM org.apache.coyote.AbstractProtocol destroy
INFO: Destroying ProtocolHandler ["ajp-bio-8009"]
